[0m22:44:38.438385 [debug] [MainThread]: Sending event: {'category': 'dbt', 'action': 'invocation', 'label': 'start', 'context': [<snowplow_tracker.self_describing_json.SelfDescribingJson object at 0x000001EF96D39F10>, <snowplow_tracker.self_describing_json.SelfDescribingJson object at 0x000001EF96D39E20>, <snowplow_tracker.self_describing_json.SelfDescribingJson object at 0x000001EF96D39CA0>]}


============================== 22:44:38.444385 | 318ea9f6-861f-4155-b487-6a4b58f0dc20 ==============================
[0m22:44:38.444385 [info ] [MainThread]: Running with dbt=1.9.3
[0m22:44:38.445386 [debug] [MainThread]: running dbt with arguments {'printer_width': '80', 'indirect_selection': 'eager', 'log_cache_events': 'False', 'write_json': 'True', 'partial_parse': 'True', 'cache_selected_only': 'False', 'warn_error': 'None', 'version_check': 'True', 'debug': 'False', 'log_path': 'C:\\Users\\Logaraj\\Desktop\\NTU Advanced PC\\ntu-dsi\\project_2\\logs', 'profiles_dir': 'C:\\Users\\Logaraj\\.dbt', 'fail_fast': 'False', 'use_colors': 'True', 'use_experimental_parser': 'False', 'no_print': 'None', 'quiet': 'False', 'empty': 'None', 'log_format': 'default', 'invocation_command': 'dbt debug', 'static_parser': 'True', 'introspect': 'True', 'target_path': 'None', 'warn_error_options': 'WarnErrorOptions(include=[], exclude=[])', 'send_anonymous_usage_stats': 'True'}
[0m22:44:38.489483 [info ] [MainThread]: dbt version: 1.9.3
[0m22:44:38.490497 [info ] [MainThread]: python version: 3.12.3
[0m22:44:38.491484 [info ] [MainThread]: python path: C:\Users\Logaraj\miniconda3\python.exe
[0m22:44:38.491484 [info ] [MainThread]: os info: Windows-11-10.0.26100-SP0
[0m22:44:43.639113 [info ] [MainThread]: Using profiles dir at C:\Users\Logaraj\.dbt
[0m22:44:43.640137 [info ] [MainThread]: Using profiles.yml file at C:\Users\Logaraj\.dbt\profiles.yml
[0m22:44:43.641062 [info ] [MainThread]: Using dbt_project.yml file at C:\Users\Logaraj\Desktop\NTU Advanced PC\ntu-dsi\project_2\dbt_project.yml
[0m22:44:43.642030 [info ] [MainThread]: adapter type: bigquery
[0m22:44:43.643026 [info ] [MainThread]: adapter version: 1.9.1
[0m22:44:43.725642 [info ] [MainThread]: Configuration:
[0m22:44:43.726647 [info ] [MainThread]:   profiles.yml file [[32mOK found and valid[0m]
[0m22:44:43.728237 [info ] [MainThread]:   dbt_project.yml file [[32mOK found and valid[0m]
[0m22:44:43.729249 [info ] [MainThread]: Required dependencies:
[0m22:44:43.729249 [debug] [MainThread]: Executing "git --help"
[0m22:44:43.799777 [debug] [MainThread]: STDOUT: "b"usage: git [-v | --version] [-h | --help] [-C <path>] [-c <name>=<value>]\n           [--exec-path[=<path>]] [--html-path] [--man-path] [--info-path]\n           [-p | --paginate | -P | --no-pager] [--no-replace-objects] [--no-lazy-fetch]\n           [--no-optional-locks] [--no-advice] [--bare] [--git-dir=<path>]\n           [--work-tree=<path>] [--namespace=<name>] [--config-env=<name>=<envvar>]\n           <command> [<args>]\n\nThese are common Git commands used in various situations:\n\nstart a working area (see also: git help tutorial)\n   clone      Clone a repository into a new directory\n   init       Create an empty Git repository or reinitialize an existing one\n\nwork on the current change (see also: git help everyday)\n   add        Add file contents to the index\n   mv         Move or rename a file, a directory, or a symlink\n   restore    Restore working tree files\n   rm         Remove files from the working tree and from the index\n\nexamine the history and state (see also: git help revisions)\n   bisect     Use binary search to find the commit that introduced a bug\n   diff       Show changes between commits, commit and working tree, etc\n   grep       Print lines matching a pattern\n   log        Show commit logs\n   show       Show various types of objects\n   status     Show the working tree status\n\ngrow, mark and tweak your common history\n   backfill   Download missing objects in a partial clone\n   branch     List, create, or delete branches\n   commit     Record changes to the repository\n   merge      Join two or more development histories together\n   rebase     Reapply commits on top of another base tip\n   reset      Reset current HEAD to the specified state\n   switch     Switch branches\n   tag        Create, list, delete or verify a tag object signed with GPG\n\ncollaborate (see also: git help workflows)\n   fetch      Download objects and refs from another repository\n   pull       Fetch from and integrate with another repository or a local branch\n   push       Update remote refs along with associated objects\n\n'git help -a' and 'git help -g' list available subcommands and some\nconcept guides. See 'git help <command>' or 'git help <concept>'\nto read about a specific subcommand or concept.\nSee 'git help git' for an overview of the system.\n""
[0m22:44:43.800790 [debug] [MainThread]: STDERR: "b''"
[0m22:44:43.801788 [info ] [MainThread]:  - git [[32mOK found[0m]

[0m22:44:43.801788 [info ] [MainThread]: Connection:
[0m22:44:43.802791 [info ] [MainThread]:   method: oauth
[0m22:44:43.803793 [info ] [MainThread]:   database: Data Engineering Project
[0m22:44:43.803793 [info ] [MainThread]:   execution_project: Data Engineering Project
[0m22:44:43.804790 [info ] [MainThread]:   schema: brazilian_ecommerce
[0m22:44:43.804790 [info ] [MainThread]:   location: asia-southeast1
[0m22:44:43.805790 [info ] [MainThread]:   priority: None
[0m22:44:43.805790 [info ] [MainThread]:   maximum_bytes_billed: None
[0m22:44:43.806793 [info ] [MainThread]:   impersonate_service_account: None
[0m22:44:43.807784 [info ] [MainThread]:   job_retry_deadline_seconds: None
[0m22:44:43.807784 [info ] [MainThread]:   job_retries: 1
[0m22:44:43.808928 [info ] [MainThread]:   job_creation_timeout_seconds: None
[0m22:44:43.809939 [info ] [MainThread]:   job_execution_timeout_seconds: 300
[0m22:44:43.809939 [info ] [MainThread]:   timeout_seconds: 300
[0m22:44:43.810935 [info ] [MainThread]:   client_id: None
[0m22:44:43.811940 [info ] [MainThread]:   token_uri: None
[0m22:44:43.813028 [info ] [MainThread]:   dataproc_region: None
[0m22:44:43.814051 [info ] [MainThread]:   dataproc_cluster_name: None
[0m22:44:43.814051 [info ] [MainThread]:   gcs_bucket: None
[0m22:44:43.815458 [info ] [MainThread]:   dataproc_batch: None
[0m22:44:43.816471 [info ] [MainThread]: Registered adapter: bigquery=1.9.1
[0m22:44:44.110968 [debug] [MainThread]: Acquiring new bigquery connection 'debug'
[0m22:44:44.111977 [debug] [MainThread]: On debug: select 1 as id
[0m22:44:44.111977 [debug] [MainThread]: Opening a new connection, currently in state init
[0m22:44:46.109280 [error] [MainThread]: BigQuery adapter: https://console.cloud.google.com/bigquery?project=Data Engineering Project&j=bq:asia-southeast1:0e198bc8-2e88-49c0-8e43-6c6effefe3c7&page=queryresults
[0m22:44:46.111277 [info ] [MainThread]:   Connection test: [[31mERROR[0m]

[0m22:44:46.112277 [info ] [MainThread]: [31m1 check failed:[0m
[0m22:44:46.113278 [info ] [MainThread]: dbt was unable to connect to the specified database.
The database returned the following error:

  >Database Error
  Invalid project ID 'Data Engineering Project'. Project IDs must contain 6-63 lowercase letters, digits, or dashes. Some project IDs also include domain name separated by a colon. IDs must start with a letter and may not end with a dash.

Check your database credentials and try again. For more information, visit:
https://docs.getdbt.com/docs/configure-your-profile


[0m22:44:46.115404 [debug] [MainThread]: Command `dbt debug` failed at 22:44:46.114275 after 7.86 seconds
[0m22:44:46.115404 [debug] [MainThread]: Connection 'debug' was properly closed.
[0m22:44:46.116276 [debug] [MainThread]: Sending event: {'category': 'dbt', 'action': 'invocation', 'label': 'end', 'context': [<snowplow_tracker.self_describing_json.SelfDescribingJson object at 0x000001EF96CB9F10>, <snowplow_tracker.self_describing_json.SelfDescribingJson object at 0x000001EF96C59B80>, <snowplow_tracker.self_describing_json.SelfDescribingJson object at 0x000001EFB29FE510>]}
[0m22:44:46.116276 [debug] [MainThread]: Flushing usage events
[0m22:44:47.779999 [debug] [MainThread]: An error was encountered while trying to flush usage events
[0m22:46:24.448832 [debug] [MainThread]: Sending event: {'category': 'dbt', 'action': 'invocation', 'label': 'start', 'context': [<snowplow_tracker.self_describing_json.SelfDescribingJson object at 0x000002376B97BC50>, <snowplow_tracker.self_describing_json.SelfDescribingJson object at 0x000002376AF608F0>, <snowplow_tracker.self_describing_json.SelfDescribingJson object at 0x00000237689F6930>]}


============================== 22:46:24.454057 | e03601c6-f9de-45db-9160-18d326a4088b ==============================
[0m22:46:24.454057 [info ] [MainThread]: Running with dbt=1.9.3
[0m22:46:24.455053 [debug] [MainThread]: running dbt with arguments {'printer_width': '80', 'indirect_selection': 'eager', 'write_json': 'True', 'log_cache_events': 'False', 'partial_parse': 'True', 'cache_selected_only': 'False', 'profiles_dir': 'C:\\Users\\Logaraj\\.dbt', 'debug': 'False', 'warn_error': 'None', 'log_path': 'C:\\Users\\Logaraj\\Desktop\\NTU Advanced PC\\ntu-dsi\\project_2\\logs', 'fail_fast': 'False', 'version_check': 'True', 'use_colors': 'True', 'use_experimental_parser': 'False', 'no_print': 'None', 'quiet': 'False', 'empty': 'None', 'log_format': 'default', 'invocation_command': 'dbt debug', 'warn_error_options': 'WarnErrorOptions(include=[], exclude=[])', 'static_parser': 'True', 'target_path': 'None', 'introspect': 'True', 'send_anonymous_usage_stats': 'True'}
[0m22:46:24.475389 [info ] [MainThread]: dbt version: 1.9.3
[0m22:46:24.475389 [info ] [MainThread]: python version: 3.12.3
[0m22:46:24.476860 [info ] [MainThread]: python path: C:\Users\Logaraj\miniconda3\python.exe
[0m22:46:24.478056 [info ] [MainThread]: os info: Windows-11-10.0.26100-SP0
[0m22:46:26.086068 [info ] [MainThread]: Using profiles dir at C:\Users\Logaraj\.dbt
[0m22:46:26.087115 [info ] [MainThread]: Using profiles.yml file at C:\Users\Logaraj\.dbt\profiles.yml
[0m22:46:26.088118 [info ] [MainThread]: Using dbt_project.yml file at C:\Users\Logaraj\Desktop\NTU Advanced PC\ntu-dsi\project_2\dbt_project.yml
[0m22:46:26.089070 [info ] [MainThread]: adapter type: bigquery
[0m22:46:26.090070 [info ] [MainThread]: adapter version: 1.9.1
[0m22:46:26.177164 [info ] [MainThread]: Configuration:
[0m22:46:26.178113 [info ] [MainThread]:   profiles.yml file [[32mOK found and valid[0m]
[0m22:46:26.179120 [info ] [MainThread]:   dbt_project.yml file [[32mOK found and valid[0m]
[0m22:46:26.180142 [info ] [MainThread]: Required dependencies:
[0m22:46:26.181180 [debug] [MainThread]: Executing "git --help"
[0m22:46:26.239962 [debug] [MainThread]: STDOUT: "b"usage: git [-v | --version] [-h | --help] [-C <path>] [-c <name>=<value>]\n           [--exec-path[=<path>]] [--html-path] [--man-path] [--info-path]\n           [-p | --paginate | -P | --no-pager] [--no-replace-objects] [--no-lazy-fetch]\n           [--no-optional-locks] [--no-advice] [--bare] [--git-dir=<path>]\n           [--work-tree=<path>] [--namespace=<name>] [--config-env=<name>=<envvar>]\n           <command> [<args>]\n\nThese are common Git commands used in various situations:\n\nstart a working area (see also: git help tutorial)\n   clone      Clone a repository into a new directory\n   init       Create an empty Git repository or reinitialize an existing one\n\nwork on the current change (see also: git help everyday)\n   add        Add file contents to the index\n   mv         Move or rename a file, a directory, or a symlink\n   restore    Restore working tree files\n   rm         Remove files from the working tree and from the index\n\nexamine the history and state (see also: git help revisions)\n   bisect     Use binary search to find the commit that introduced a bug\n   diff       Show changes between commits, commit and working tree, etc\n   grep       Print lines matching a pattern\n   log        Show commit logs\n   show       Show various types of objects\n   status     Show the working tree status\n\ngrow, mark and tweak your common history\n   backfill   Download missing objects in a partial clone\n   branch     List, create, or delete branches\n   commit     Record changes to the repository\n   merge      Join two or more development histories together\n   rebase     Reapply commits on top of another base tip\n   reset      Reset current HEAD to the specified state\n   switch     Switch branches\n   tag        Create, list, delete or verify a tag object signed with GPG\n\ncollaborate (see also: git help workflows)\n   fetch      Download objects and refs from another repository\n   pull       Fetch from and integrate with another repository or a local branch\n   push       Update remote refs along with associated objects\n\n'git help -a' and 'git help -g' list available subcommands and some\nconcept guides. See 'git help <command>' or 'git help <concept>'\nto read about a specific subcommand or concept.\nSee 'git help git' for an overview of the system.\n""
[0m22:46:26.239962 [debug] [MainThread]: STDERR: "b''"
[0m22:46:26.240969 [info ] [MainThread]:  - git [[32mOK found[0m]

[0m22:46:26.241960 [info ] [MainThread]: Connection:
[0m22:46:26.242961 [info ] [MainThread]:   method: oauth
[0m22:46:26.242961 [info ] [MainThread]:   database: ambient-scope-454609-d5
[0m22:46:26.243988 [info ] [MainThread]:   execution_project: ambient-scope-454609-d5
[0m22:46:26.244961 [info ] [MainThread]:   schema: brazilian_ecommerce
[0m22:46:26.245967 [info ] [MainThread]:   location: asia-southeast1
[0m22:46:26.246963 [info ] [MainThread]:   priority: None
[0m22:46:26.246963 [info ] [MainThread]:   maximum_bytes_billed: None
[0m22:46:26.247963 [info ] [MainThread]:   impersonate_service_account: None
[0m22:46:26.248961 [info ] [MainThread]:   job_retry_deadline_seconds: None
[0m22:46:26.249959 [info ] [MainThread]:   job_retries: 1
[0m22:46:26.249959 [info ] [MainThread]:   job_creation_timeout_seconds: None
[0m22:46:26.250960 [info ] [MainThread]:   job_execution_timeout_seconds: 300
[0m22:46:26.250960 [info ] [MainThread]:   timeout_seconds: 300
[0m22:46:26.251962 [info ] [MainThread]:   client_id: None
[0m22:46:26.252963 [info ] [MainThread]:   token_uri: None
[0m22:46:26.253965 [info ] [MainThread]:   dataproc_region: None
[0m22:46:26.253965 [info ] [MainThread]:   dataproc_cluster_name: None
[0m22:46:26.254967 [info ] [MainThread]:   gcs_bucket: None
[0m22:46:26.254967 [info ] [MainThread]:   dataproc_batch: None
[0m22:46:26.255969 [info ] [MainThread]: Registered adapter: bigquery=1.9.1
[0m22:46:26.550109 [debug] [MainThread]: Acquiring new bigquery connection 'debug'
[0m22:46:26.551111 [debug] [MainThread]: On debug: select 1 as id
[0m22:46:26.551111 [debug] [MainThread]: Opening a new connection, currently in state init
[0m22:46:34.865774 [debug] [MainThread]: BigQuery adapter: https://console.cloud.google.com/bigquery?project=ambient-scope-454609-d5&j=bq:asia-southeast1:115ce5fd-bcd5-44f5-9282-9a007b8f4fc6&page=queryresults
[0m22:46:35.611931 [info ] [MainThread]:   Connection test: [[32mOK connection ok[0m]

[0m22:46:35.613940 [info ] [MainThread]: [32mAll checks passed![0m
[0m22:46:35.616267 [debug] [MainThread]: Command `dbt debug` succeeded at 22:46:35.616267 after 11.36 seconds
[0m22:46:35.617272 [debug] [MainThread]: Connection 'debug' was properly closed.
[0m22:46:35.618269 [debug] [MainThread]: Sending event: {'category': 'dbt', 'action': 'invocation', 'label': 'end', 'context': [<snowplow_tracker.self_describing_json.SelfDescribingJson object at 0x000002376AF608F0>, <snowplow_tracker.self_describing_json.SelfDescribingJson object at 0x000002376AF28E60>, <snowplow_tracker.self_describing_json.SelfDescribingJson object at 0x00000237066A6E70>]}
[0m22:46:35.618269 [debug] [MainThread]: Flushing usage events
[0m22:46:36.933656 [debug] [MainThread]: An error was encountered while trying to flush usage events
[0m23:36:24.522335 [debug] [MainThread]: Sending event: {'category': 'dbt', 'action': 'invocation', 'label': 'start', 'context': [<snowplow_tracker.self_describing_json.SelfDescribingJson object at 0x0000026B07469C30>, <snowplow_tracker.self_describing_json.SelfDescribingJson object at 0x0000026B084C6680>, <snowplow_tracker.self_describing_json.SelfDescribingJson object at 0x0000026B084C64A0>]}


============================== 23:36:24.528795 | f6fd1452-1cdb-478b-9426-d27feb2defb3 ==============================
[0m23:36:24.528795 [info ] [MainThread]: Running with dbt=1.9.3
[0m23:36:24.529802 [debug] [MainThread]: running dbt with arguments {'printer_width': '80', 'indirect_selection': 'eager', 'log_cache_events': 'False', 'write_json': 'True', 'partial_parse': 'True', 'cache_selected_only': 'False', 'warn_error': 'None', 'fail_fast': 'False', 'debug': 'False', 'log_path': 'C:\\Users\\Logaraj\\Desktop\\NTU Advanced PC\\ntu-dsi\\project_2\\logs', 'version_check': 'True', 'profiles_dir': 'C:\\Users\\Logaraj\\.dbt', 'use_colors': 'True', 'use_experimental_parser': 'False', 'no_print': 'None', 'quiet': 'False', 'empty': 'False', 'warn_error_options': 'WarnErrorOptions(include=[], exclude=[])', 'static_parser': 'True', 'introspect': 'True', 'log_format': 'default', 'target_path': 'None', 'invocation_command': 'dbt run', 'send_anonymous_usage_stats': 'True'}
[0m23:36:27.304190 [debug] [MainThread]: Sending event: {'category': 'dbt', 'action': 'project_id', 'label': 'f6fd1452-1cdb-478b-9426-d27feb2defb3', 'context': [<snowplow_tracker.self_describing_json.SelfDescribingJson object at 0x0000026B0D67C310>]}
[0m23:36:27.354776 [debug] [MainThread]: Sending event: {'category': 'dbt', 'action': 'adapter_info', 'label': 'f6fd1452-1cdb-478b-9426-d27feb2defb3', 'context': [<snowplow_tracker.self_describing_json.SelfDescribingJson object at 0x0000026B0D596E60>]}
[0m23:36:27.356219 [info ] [MainThread]: Registered adapter: bigquery=1.9.1
[0m23:36:27.732290 [debug] [MainThread]: checksum: 5671c00892cdbcef29c3b00cc5ba7510c3d18a35c883caeb9ab9ee266dc29c8f, vars: {}, profile: , target: , version: 1.9.3
[0m23:36:27.734291 [info ] [MainThread]: Unable to do partial parsing because saved manifest not found. Starting full parse.
[0m23:36:27.735291 [debug] [MainThread]: Sending event: {'category': 'dbt', 'action': 'partial_parser', 'label': 'f6fd1452-1cdb-478b-9426-d27feb2defb3', 'context': [<snowplow_tracker.self_describing_json.SelfDescribingJson object at 0x0000026B07E40FD0>]}
[0m23:36:28.542124 [warn ] [MainThread]: [[33mWARNING[0m]: Configuration paths exist in your dbt_project.yml file which do not apply to any resources.
There are 1 unused configuration paths:
- models.brazilian_ecommerce_dbt
[0m23:36:28.548526 [debug] [MainThread]: Sending event: {'category': 'dbt', 'action': 'load_project', 'label': 'f6fd1452-1cdb-478b-9426-d27feb2defb3', 'context': [<snowplow_tracker.self_describing_json.SelfDescribingJson object at 0x0000026B0E137E50>]}
[0m23:36:28.591850 [debug] [MainThread]: Wrote artifact WritableManifest to C:\Users\Logaraj\Desktop\NTU Advanced PC\ntu-dsi\project_2\target\manifest.json
[0m23:36:28.606589 [debug] [MainThread]: Wrote artifact SemanticManifest to C:\Users\Logaraj\Desktop\NTU Advanced PC\ntu-dsi\project_2\target\semantic_manifest.json
[0m23:36:28.642634 [debug] [MainThread]: Sending event: {'category': 'dbt', 'action': 'resource_counts', 'label': 'f6fd1452-1cdb-478b-9426-d27feb2defb3', 'context': [<snowplow_tracker.self_describing_json.SelfDescribingJson object at 0x0000026B0E1311E0>]}
[0m23:36:28.643651 [info ] [MainThread]: Found 491 macros
[0m23:36:28.644634 [debug] [MainThread]: Sending event: {'category': 'dbt', 'action': 'runnable_timing', 'label': 'f6fd1452-1cdb-478b-9426-d27feb2defb3', 'context': [<snowplow_tracker.self_describing_json.SelfDescribingJson object at 0x0000026B0E1331C0>]}
[0m23:36:28.645633 [warn ] [MainThread]: Nothing to do. Try checking your model configs and model specification args
[0m23:36:28.646634 [debug] [MainThread]: Command end result
[0m23:36:28.667273 [debug] [MainThread]: Wrote artifact WritableManifest to C:\Users\Logaraj\Desktop\NTU Advanced PC\ntu-dsi\project_2\target\manifest.json
[0m23:36:28.670717 [debug] [MainThread]: Wrote artifact SemanticManifest to C:\Users\Logaraj\Desktop\NTU Advanced PC\ntu-dsi\project_2\target\semantic_manifest.json
[0m23:36:28.674726 [debug] [MainThread]: Wrote artifact RunExecutionResult to C:\Users\Logaraj\Desktop\NTU Advanced PC\ntu-dsi\project_2\target\run_results.json
[0m23:36:28.676140 [debug] [MainThread]: Command `dbt run` succeeded at 23:36:28.676140 after 4.27 seconds
[0m23:36:28.677219 [debug] [MainThread]: Sending event: {'category': 'dbt', 'action': 'invocation', 'label': 'end', 'context': [<snowplow_tracker.self_describing_json.SelfDescribingJson object at 0x0000026B07469C30>, <snowplow_tracker.self_describing_json.SelfDescribingJson object at 0x0000026B076F14E0>, <snowplow_tracker.self_describing_json.SelfDescribingJson object at 0x0000026B0E137100>]}
[0m23:36:28.677219 [debug] [MainThread]: Flushing usage events
[0m23:36:30.462433 [debug] [MainThread]: An error was encountered while trying to flush usage events
[0m23:41:15.635812 [debug] [MainThread]: Sending event: {'category': 'dbt', 'action': 'invocation', 'label': 'start', 'context': [<snowplow_tracker.self_describing_json.SelfDescribingJson object at 0x00000187B36A5C00>, <snowplow_tracker.self_describing_json.SelfDescribingJson object at 0x00000187B473E560>, <snowplow_tracker.self_describing_json.SelfDescribingJson object at 0x00000187B473E380>]}


============================== 23:41:15.639468 | 5160163f-7fec-492c-8910-0b7de651edae ==============================
[0m23:41:15.639468 [info ] [MainThread]: Running with dbt=1.9.3
[0m23:41:15.640468 [debug] [MainThread]: running dbt with arguments {'printer_width': '80', 'indirect_selection': 'eager', 'log_cache_events': 'False', 'write_json': 'True', 'partial_parse': 'True', 'cache_selected_only': 'False', 'warn_error': 'None', 'fail_fast': 'False', 'version_check': 'True', 'log_path': 'C:\\Users\\Logaraj\\Desktop\\NTU Advanced PC\\ntu-dsi\\project_2\\logs', 'debug': 'False', 'profiles_dir': 'C:\\Users\\Logaraj\\.dbt', 'use_colors': 'True', 'use_experimental_parser': 'False', 'empty': 'None', 'quiet': 'False', 'no_print': 'None', 'warn_error_options': 'WarnErrorOptions(include=[], exclude=[])', 'invocation_command': 'dbt debug', 'static_parser': 'True', 'introspect': 'True', 'target_path': 'None', 'log_format': 'default', 'send_anonymous_usage_stats': 'True'}
[0m23:41:15.660897 [info ] [MainThread]: dbt version: 1.9.3
[0m23:41:15.661898 [info ] [MainThread]: python version: 3.10.16
[0m23:41:15.662899 [info ] [MainThread]: python path: C:\Users\Logaraj\miniconda3\envs\elt\python.exe
[0m23:41:15.663897 [info ] [MainThread]: os info: Windows-10-10.0.26100-SP0
[0m23:41:17.211518 [info ] [MainThread]: Using profiles dir at C:\Users\Logaraj\.dbt
[0m23:41:17.213410 [info ] [MainThread]: Using profiles.yml file at C:\Users\Logaraj\.dbt\profiles.yml
[0m23:41:17.213958 [info ] [MainThread]: Using dbt_project.yml file at C:\Users\Logaraj\Desktop\NTU Advanced PC\ntu-dsi\project_2\dbt_project.yml
[0m23:41:17.215015 [info ] [MainThread]: adapter type: bigquery
[0m23:41:17.216024 [info ] [MainThread]: adapter version: 1.9.1
[0m23:41:17.308831 [info ] [MainThread]: Configuration:
[0m23:41:17.310853 [info ] [MainThread]:   profiles.yml file [[32mOK found and valid[0m]
[0m23:41:17.311839 [info ] [MainThread]:   dbt_project.yml file [[32mOK found and valid[0m]
[0m23:41:17.313766 [info ] [MainThread]: Required dependencies:
[0m23:41:17.314881 [debug] [MainThread]: Executing "git --help"
[0m23:41:17.390815 [debug] [MainThread]: STDOUT: "b"usage: git [-v | --version] [-h | --help] [-C <path>] [-c <name>=<value>]\n           [--exec-path[=<path>]] [--html-path] [--man-path] [--info-path]\n           [-p | --paginate | -P | --no-pager] [--no-replace-objects] [--no-lazy-fetch]\n           [--no-optional-locks] [--no-advice] [--bare] [--git-dir=<path>]\n           [--work-tree=<path>] [--namespace=<name>] [--config-env=<name>=<envvar>]\n           <command> [<args>]\n\nThese are common Git commands used in various situations:\n\nstart a working area (see also: git help tutorial)\n   clone      Clone a repository into a new directory\n   init       Create an empty Git repository or reinitialize an existing one\n\nwork on the current change (see also: git help everyday)\n   add        Add file contents to the index\n   mv         Move or rename a file, a directory, or a symlink\n   restore    Restore working tree files\n   rm         Remove files from the working tree and from the index\n\nexamine the history and state (see also: git help revisions)\n   bisect     Use binary search to find the commit that introduced a bug\n   diff       Show changes between commits, commit and working tree, etc\n   grep       Print lines matching a pattern\n   log        Show commit logs\n   show       Show various types of objects\n   status     Show the working tree status\n\ngrow, mark and tweak your common history\n   backfill   Download missing objects in a partial clone\n   branch     List, create, or delete branches\n   commit     Record changes to the repository\n   merge      Join two or more development histories together\n   rebase     Reapply commits on top of another base tip\n   reset      Reset current HEAD to the specified state\n   switch     Switch branches\n   tag        Create, list, delete or verify a tag object signed with GPG\n\ncollaborate (see also: git help workflows)\n   fetch      Download objects and refs from another repository\n   pull       Fetch from and integrate with another repository or a local branch\n   push       Update remote refs along with associated objects\n\n'git help -a' and 'git help -g' list available subcommands and some\nconcept guides. See 'git help <command>' or 'git help <concept>'\nto read about a specific subcommand or concept.\nSee 'git help git' for an overview of the system.\n""
[0m23:41:17.391812 [debug] [MainThread]: STDERR: "b''"
[0m23:41:17.391812 [info ] [MainThread]:  - git [[32mOK found[0m]

[0m23:41:17.392843 [info ] [MainThread]: Connection:
[0m23:41:17.393812 [info ] [MainThread]:   method: oauth
[0m23:41:17.394813 [info ] [MainThread]:   database: ambient-scope-454609-d5
[0m23:41:17.395811 [info ] [MainThread]:   execution_project: ambient-scope-454609-d5
[0m23:41:17.395811 [info ] [MainThread]:   schema: brazilian_ecommerce
[0m23:41:17.396812 [info ] [MainThread]:   location: asia-southeast1
[0m23:41:17.397812 [info ] [MainThread]:   priority: None
[0m23:41:17.397812 [info ] [MainThread]:   maximum_bytes_billed: None
[0m23:41:17.398811 [info ] [MainThread]:   impersonate_service_account: None
[0m23:41:17.399811 [info ] [MainThread]:   job_retry_deadline_seconds: None
[0m23:41:17.399811 [info ] [MainThread]:   job_retries: 1
[0m23:41:17.400813 [info ] [MainThread]:   job_creation_timeout_seconds: None
[0m23:41:17.401811 [info ] [MainThread]:   job_execution_timeout_seconds: 300
[0m23:41:17.401811 [info ] [MainThread]:   timeout_seconds: 300
[0m23:41:17.402812 [info ] [MainThread]:   client_id: None
[0m23:41:17.402812 [info ] [MainThread]:   token_uri: None
[0m23:41:17.403811 [info ] [MainThread]:   dataproc_region: None
[0m23:41:17.404812 [info ] [MainThread]:   dataproc_cluster_name: None
[0m23:41:17.404812 [info ] [MainThread]:   gcs_bucket: None
[0m23:41:17.405812 [info ] [MainThread]:   dataproc_batch: None
[0m23:41:17.406811 [info ] [MainThread]: Registered adapter: bigquery=1.9.1
[0m23:41:17.745722 [debug] [MainThread]: Acquiring new bigquery connection 'debug'
[0m23:41:17.746188 [debug] [MainThread]: On debug: select 1 as id
[0m23:41:17.746188 [debug] [MainThread]: Opening a new connection, currently in state init
[0m23:41:21.095725 [debug] [MainThread]: BigQuery adapter: https://console.cloud.google.com/bigquery?project=ambient-scope-454609-d5&j=bq:asia-southeast1:e494c06b-dbf6-44a8-adde-0dd0d4409e07&page=queryresults
[0m23:41:21.859466 [info ] [MainThread]:   Connection test: [[32mOK connection ok[0m]

[0m23:41:21.863331 [info ] [MainThread]: [32mAll checks passed![0m
[0m23:41:21.868211 [debug] [MainThread]: Command `dbt debug` succeeded at 23:41:21.868211 after 6.36 seconds
[0m23:41:21.869221 [debug] [MainThread]: Connection 'debug' was properly closed.
[0m23:41:21.870236 [debug] [MainThread]: Sending event: {'category': 'dbt', 'action': 'invocation', 'label': 'end', 'context': [<snowplow_tracker.self_describing_json.SelfDescribingJson object at 0x00000187B36A5C00>, <snowplow_tracker.self_describing_json.SelfDescribingJson object at 0x00000187B99A8A00>, <snowplow_tracker.self_describing_json.SelfDescribingJson object at 0x00000187B99AABC0>]}
[0m23:41:21.871136 [debug] [MainThread]: Flushing usage events
[0m23:41:23.137498 [debug] [MainThread]: An error was encountered while trying to flush usage events
[0m23:45:08.772657 [debug] [MainThread]: Sending event: {'category': 'dbt', 'action': 'invocation', 'label': 'start', 'context': [<snowplow_tracker.self_describing_json.SelfDescribingJson object at 0x00000265FFEF5C30>, <snowplow_tracker.self_describing_json.SelfDescribingJson object at 0x00000265821225C0>, <snowplow_tracker.self_describing_json.SelfDescribingJson object at 0x00000265821223E0>]}


============================== 23:45:08.781377 | b2074038-ad4c-4f3f-b18d-9f9b000d0b72 ==============================
[0m23:45:08.781377 [info ] [MainThread]: Running with dbt=1.9.3
[0m23:45:08.783382 [debug] [MainThread]: running dbt with arguments {'printer_width': '80', 'indirect_selection': 'eager', 'log_cache_events': 'False', 'write_json': 'True', 'partial_parse': 'True', 'cache_selected_only': 'False', 'profiles_dir': 'C:\\Users\\Logaraj\\.dbt', 'version_check': 'True', 'fail_fast': 'False', 'log_path': 'C:\\Users\\Logaraj\\Desktop\\NTU Advanced PC\\ntu-dsi\\project_2\\logs', 'warn_error': 'None', 'debug': 'False', 'use_colors': 'True', 'use_experimental_parser': 'False', 'no_print': 'None', 'quiet': 'False', 'empty': 'None', 'warn_error_options': 'WarnErrorOptions(include=[], exclude=[])', 'introspect': 'True', 'static_parser': 'True', 'invocation_command': 'dbt debug', 'target_path': 'None', 'log_format': 'default', 'send_anonymous_usage_stats': 'True'}
[0m23:45:08.833415 [info ] [MainThread]: dbt version: 1.9.3
[0m23:45:08.834418 [info ] [MainThread]: python version: 3.10.16
[0m23:45:08.835855 [info ] [MainThread]: python path: C:\Users\Logaraj\miniconda3\envs\elt\python.exe
[0m23:45:08.837855 [info ] [MainThread]: os info: Windows-10-10.0.26100-SP0
[0m23:45:11.799003 [info ] [MainThread]: Using profiles dir at C:\Users\Logaraj\.dbt
[0m23:45:11.799881 [info ] [MainThread]: Using profiles.yml file at C:\Users\Logaraj\.dbt\profiles.yml
[0m23:45:11.800606 [info ] [MainThread]: Using dbt_project.yml file at C:\Users\Logaraj\Desktop\NTU Advanced PC\ntu-dsi\project_2\dbt_project.yml
[0m23:45:11.802902 [info ] [MainThread]: adapter type: bigquery
[0m23:45:11.803306 [info ] [MainThread]: adapter version: 1.9.1
[0m23:45:11.899558 [info ] [MainThread]: Configuration:
[0m23:45:11.900254 [info ] [MainThread]:   profiles.yml file [[32mOK found and valid[0m]
[0m23:45:11.901408 [info ] [MainThread]:   dbt_project.yml file [[32mOK found and valid[0m]
[0m23:45:11.902452 [info ] [MainThread]: Required dependencies:
[0m23:45:11.902452 [debug] [MainThread]: Executing "git --help"
[0m23:45:11.976253 [debug] [MainThread]: STDOUT: "b"usage: git [-v | --version] [-h | --help] [-C <path>] [-c <name>=<value>]\n           [--exec-path[=<path>]] [--html-path] [--man-path] [--info-path]\n           [-p | --paginate | -P | --no-pager] [--no-replace-objects] [--no-lazy-fetch]\n           [--no-optional-locks] [--no-advice] [--bare] [--git-dir=<path>]\n           [--work-tree=<path>] [--namespace=<name>] [--config-env=<name>=<envvar>]\n           <command> [<args>]\n\nThese are common Git commands used in various situations:\n\nstart a working area (see also: git help tutorial)\n   clone      Clone a repository into a new directory\n   init       Create an empty Git repository or reinitialize an existing one\n\nwork on the current change (see also: git help everyday)\n   add        Add file contents to the index\n   mv         Move or rename a file, a directory, or a symlink\n   restore    Restore working tree files\n   rm         Remove files from the working tree and from the index\n\nexamine the history and state (see also: git help revisions)\n   bisect     Use binary search to find the commit that introduced a bug\n   diff       Show changes between commits, commit and working tree, etc\n   grep       Print lines matching a pattern\n   log        Show commit logs\n   show       Show various types of objects\n   status     Show the working tree status\n\ngrow, mark and tweak your common history\n   backfill   Download missing objects in a partial clone\n   branch     List, create, or delete branches\n   commit     Record changes to the repository\n   merge      Join two or more development histories together\n   rebase     Reapply commits on top of another base tip\n   reset      Reset current HEAD to the specified state\n   switch     Switch branches\n   tag        Create, list, delete or verify a tag object signed with GPG\n\ncollaborate (see also: git help workflows)\n   fetch      Download objects and refs from another repository\n   pull       Fetch from and integrate with another repository or a local branch\n   push       Update remote refs along with associated objects\n\n'git help -a' and 'git help -g' list available subcommands and some\nconcept guides. See 'git help <command>' or 'git help <concept>'\nto read about a specific subcommand or concept.\nSee 'git help git' for an overview of the system.\n""
[0m23:45:11.977274 [debug] [MainThread]: STDERR: "b''"
[0m23:45:11.978251 [info ] [MainThread]:  - git [[32mOK found[0m]

[0m23:45:11.979251 [info ] [MainThread]: Connection:
[0m23:45:11.980252 [info ] [MainThread]:   method: oauth
[0m23:45:11.981251 [info ] [MainThread]:   database: ambient-scope-454609-d5
[0m23:45:11.981251 [info ] [MainThread]:   execution_project: ambient-scope-454609-d5
[0m23:45:11.982251 [info ] [MainThread]:   schema: brazilian_ecommerce
[0m23:45:11.983250 [info ] [MainThread]:   location: asia-southeast1
[0m23:45:11.983250 [info ] [MainThread]:   priority: None
[0m23:45:11.984251 [info ] [MainThread]:   maximum_bytes_billed: None
[0m23:45:11.985251 [info ] [MainThread]:   impersonate_service_account: None
[0m23:45:11.985251 [info ] [MainThread]:   job_retry_deadline_seconds: None
[0m23:45:11.986250 [info ] [MainThread]:   job_retries: 1
[0m23:45:11.987250 [info ] [MainThread]:   job_creation_timeout_seconds: None
[0m23:45:11.987250 [info ] [MainThread]:   job_execution_timeout_seconds: 300
[0m23:45:11.988250 [info ] [MainThread]:   timeout_seconds: 300
[0m23:45:11.989251 [info ] [MainThread]:   client_id: None
[0m23:45:11.990252 [info ] [MainThread]:   token_uri: None
[0m23:45:11.991252 [info ] [MainThread]:   dataproc_region: None
[0m23:45:11.991252 [info ] [MainThread]:   dataproc_cluster_name: None
[0m23:45:11.992253 [info ] [MainThread]:   gcs_bucket: None
[0m23:45:11.993251 [info ] [MainThread]:   dataproc_batch: None
[0m23:45:11.993251 [info ] [MainThread]: Registered adapter: bigquery=1.9.1
[0m23:45:12.358123 [debug] [MainThread]: Acquiring new bigquery connection 'debug'
[0m23:45:12.358123 [debug] [MainThread]: On debug: select 1 as id
[0m23:45:12.359124 [debug] [MainThread]: Opening a new connection, currently in state init
[0m23:45:32.303014 [debug] [MainThread]: BigQuery adapter: https://console.cloud.google.com/bigquery?project=ambient-scope-454609-d5&j=bq:asia-southeast1:523fabc6-8fa3-43fc-8e7f-d9a58e2b88bc&page=queryresults
[0m23:45:33.042907 [info ] [MainThread]:   Connection test: [[32mOK connection ok[0m]

[0m23:45:33.046866 [info ] [MainThread]: [32mAll checks passed![0m
[0m23:45:33.048984 [debug] [MainThread]: Command `dbt debug` succeeded at 23:45:33.048984 after 24.44 seconds
[0m23:45:33.049994 [debug] [MainThread]: Connection 'debug' was properly closed.
[0m23:45:33.050994 [debug] [MainThread]: Sending event: {'category': 'dbt', 'action': 'invocation', 'label': 'end', 'context': [<snowplow_tracker.self_describing_json.SelfDescribingJson object at 0x00000265FFEF5C30>, <snowplow_tracker.self_describing_json.SelfDescribingJson object at 0x00000265871C05E0>, <snowplow_tracker.self_describing_json.SelfDescribingJson object at 0x00000265871C11B0>]}
[0m23:45:33.052023 [debug] [MainThread]: Flushing usage events
[0m23:45:35.126693 [debug] [MainThread]: An error was encountered while trying to flush usage events
[0m23:47:03.163617 [debug] [MainThread]: Sending event: {'category': 'dbt', 'action': 'invocation', 'label': 'start', 'context': [<snowplow_tracker.self_describing_json.SelfDescribingJson object at 0x000002647C1F5BD0>, <snowplow_tracker.self_describing_json.SelfDescribingJson object at 0x000002647D282530>, <snowplow_tracker.self_describing_json.SelfDescribingJson object at 0x000002647D282350>]}


============================== 23:47:03.170612 | e631fab5-12c1-4c24-ac10-c588f7c14051 ==============================
[0m23:47:03.170612 [info ] [MainThread]: Running with dbt=1.9.3
[0m23:47:03.172578 [debug] [MainThread]: running dbt with arguments {'printer_width': '80', 'indirect_selection': 'eager', 'write_json': 'True', 'log_cache_events': 'False', 'partial_parse': 'True', 'cache_selected_only': 'False', 'profiles_dir': 'C:\\Users\\Logaraj\\.dbt', 'fail_fast': 'False', 'warn_error': 'None', 'log_path': 'C:\\Users\\Logaraj\\Desktop\\NTU Advanced PC\\ntu-dsi\\project_2\\logs', 'version_check': 'True', 'debug': 'False', 'use_colors': 'True', 'use_experimental_parser': 'False', 'no_print': 'None', 'quiet': 'False', 'empty': 'None', 'warn_error_options': 'WarnErrorOptions(include=[], exclude=[])', 'introspect': 'True', 'log_format': 'default', 'static_parser': 'True', 'target_path': 'None', 'invocation_command': 'dbt debug', 'send_anonymous_usage_stats': 'True'}
[0m23:47:03.213086 [info ] [MainThread]: dbt version: 1.9.3
[0m23:47:03.214065 [info ] [MainThread]: python version: 3.10.16
[0m23:47:03.215066 [info ] [MainThread]: python path: C:\Users\Logaraj\miniconda3\envs\elt\python.exe
[0m23:47:03.215066 [info ] [MainThread]: os info: Windows-10-10.0.26100-SP0
[0m23:47:06.061279 [info ] [MainThread]: Using profiles dir at C:\Users\Logaraj\.dbt
[0m23:47:06.063312 [info ] [MainThread]: Using profiles.yml file at C:\Users\Logaraj\.dbt\profiles.yml
[0m23:47:06.063312 [info ] [MainThread]: Using dbt_project.yml file at C:\Users\Logaraj\Desktop\NTU Advanced PC\ntu-dsi\project_2\dbt_project.yml
[0m23:47:06.064280 [info ] [MainThread]: adapter type: bigquery
[0m23:47:06.066276 [info ] [MainThread]: adapter version: 1.9.1
[0m23:47:06.171677 [info ] [MainThread]: Configuration:
[0m23:47:06.172596 [info ] [MainThread]:   profiles.yml file [[32mOK found and valid[0m]
[0m23:47:06.173581 [info ] [MainThread]:   dbt_project.yml file [[32mOK found and valid[0m]
[0m23:47:06.174586 [info ] [MainThread]: Required dependencies:
[0m23:47:06.175576 [debug] [MainThread]: Executing "git --help"
[0m23:47:06.247905 [debug] [MainThread]: STDOUT: "b"usage: git [-v | --version] [-h | --help] [-C <path>] [-c <name>=<value>]\n           [--exec-path[=<path>]] [--html-path] [--man-path] [--info-path]\n           [-p | --paginate | -P | --no-pager] [--no-replace-objects] [--no-lazy-fetch]\n           [--no-optional-locks] [--no-advice] [--bare] [--git-dir=<path>]\n           [--work-tree=<path>] [--namespace=<name>] [--config-env=<name>=<envvar>]\n           <command> [<args>]\n\nThese are common Git commands used in various situations:\n\nstart a working area (see also: git help tutorial)\n   clone      Clone a repository into a new directory\n   init       Create an empty Git repository or reinitialize an existing one\n\nwork on the current change (see also: git help everyday)\n   add        Add file contents to the index\n   mv         Move or rename a file, a directory, or a symlink\n   restore    Restore working tree files\n   rm         Remove files from the working tree and from the index\n\nexamine the history and state (see also: git help revisions)\n   bisect     Use binary search to find the commit that introduced a bug\n   diff       Show changes between commits, commit and working tree, etc\n   grep       Print lines matching a pattern\n   log        Show commit logs\n   show       Show various types of objects\n   status     Show the working tree status\n\ngrow, mark and tweak your common history\n   backfill   Download missing objects in a partial clone\n   branch     List, create, or delete branches\n   commit     Record changes to the repository\n   merge      Join two or more development histories together\n   rebase     Reapply commits on top of another base tip\n   reset      Reset current HEAD to the specified state\n   switch     Switch branches\n   tag        Create, list, delete or verify a tag object signed with GPG\n\ncollaborate (see also: git help workflows)\n   fetch      Download objects and refs from another repository\n   pull       Fetch from and integrate with another repository or a local branch\n   push       Update remote refs along with associated objects\n\n'git help -a' and 'git help -g' list available subcommands and some\nconcept guides. See 'git help <command>' or 'git help <concept>'\nto read about a specific subcommand or concept.\nSee 'git help git' for an overview of the system.\n""
[0m23:47:06.249339 [debug] [MainThread]: STDERR: "b''"
[0m23:47:06.250355 [info ] [MainThread]:  - git [[32mOK found[0m]

[0m23:47:06.251353 [info ] [MainThread]: Connection:
[0m23:47:06.251353 [info ] [MainThread]:   method: oauth
[0m23:47:06.252360 [info ] [MainThread]:   database: ambient-scope-454609-d5
[0m23:47:06.253355 [info ] [MainThread]:   execution_project: ambient-scope-454609-d5
[0m23:47:06.254353 [info ] [MainThread]:   schema: brazilian_ecommerce
[0m23:47:06.256348 [info ] [MainThread]:   location: asia-southeast1
[0m23:47:06.257691 [info ] [MainThread]:   priority: None
[0m23:47:06.258689 [info ] [MainThread]:   maximum_bytes_billed: None
[0m23:47:06.259691 [info ] [MainThread]:   impersonate_service_account: None
[0m23:47:06.260696 [info ] [MainThread]:   job_retry_deadline_seconds: None
[0m23:47:06.261691 [info ] [MainThread]:   job_retries: 1
[0m23:47:06.262690 [info ] [MainThread]:   job_creation_timeout_seconds: None
[0m23:47:06.262690 [info ] [MainThread]:   job_execution_timeout_seconds: 300
[0m23:47:06.263689 [info ] [MainThread]:   timeout_seconds: 300
[0m23:47:06.264694 [info ] [MainThread]:   client_id: None
[0m23:47:06.265691 [info ] [MainThread]:   token_uri: None
[0m23:47:06.266691 [info ] [MainThread]:   dataproc_region: None
[0m23:47:06.266691 [info ] [MainThread]:   dataproc_cluster_name: None
[0m23:47:06.267690 [info ] [MainThread]:   gcs_bucket: None
[0m23:47:06.268690 [info ] [MainThread]:   dataproc_batch: None
[0m23:47:06.269691 [info ] [MainThread]: Registered adapter: bigquery=1.9.1
[0m23:47:06.689324 [debug] [MainThread]: Acquiring new bigquery connection 'debug'
[0m23:47:06.690338 [debug] [MainThread]: On debug: select 1 as id
[0m23:47:06.690338 [debug] [MainThread]: Opening a new connection, currently in state init
[0m23:47:10.330090 [debug] [MainThread]: BigQuery adapter: https://console.cloud.google.com/bigquery?project=ambient-scope-454609-d5&j=bq:asia-southeast1:a7898bb9-1bba-4246-93a1-a860931fc3cd&page=queryresults
[0m23:47:11.289854 [info ] [MainThread]:   Connection test: [[32mOK connection ok[0m]

[0m23:47:11.292899 [info ] [MainThread]: [32mAll checks passed![0m
[0m23:47:11.295078 [debug] [MainThread]: Command `dbt debug` succeeded at 23:47:11.295078 after 8.28 seconds
[0m23:47:11.296554 [debug] [MainThread]: Connection 'debug' was properly closed.
[0m23:47:11.296554 [debug] [MainThread]: Sending event: {'category': 'dbt', 'action': 'invocation', 'label': 'end', 'context': [<snowplow_tracker.self_describing_json.SelfDescribingJson object at 0x000002647C1F5BD0>, <snowplow_tracker.self_describing_json.SelfDescribingJson object at 0x0000026402525390>, <snowplow_tracker.self_describing_json.SelfDescribingJson object at 0x0000026402527340>]}
[0m23:47:11.297608 [debug] [MainThread]: Flushing usage events
[0m23:47:13.308535 [debug] [MainThread]: An error was encountered while trying to flush usage events
[0m23:47:55.542468 [debug] [MainThread]: Sending event: {'category': 'dbt', 'action': 'invocation', 'label': 'start', 'context': [<snowplow_tracker.self_describing_json.SelfDescribingJson object at 0x000002878B269C60>, <snowplow_tracker.self_describing_json.SelfDescribingJson object at 0x000002878C2F2620>, <snowplow_tracker.self_describing_json.SelfDescribingJson object at 0x000002878C2F2440>]}


============================== 23:47:55.549694 | f16ea872-3126-4623-bce1-cd76c90e2921 ==============================
[0m23:47:55.549694 [info ] [MainThread]: Running with dbt=1.9.3
[0m23:47:55.550687 [debug] [MainThread]: running dbt with arguments {'printer_width': '80', 'indirect_selection': 'eager', 'write_json': 'True', 'log_cache_events': 'False', 'partial_parse': 'True', 'cache_selected_only': 'False', 'profiles_dir': 'C:\\Users\\Logaraj\\.dbt', 'fail_fast': 'False', 'debug': 'False', 'log_path': 'C:\\Users\\Logaraj\\Desktop\\NTU Advanced PC\\ntu-dsi\\project_2\\logs', 'warn_error': 'None', 'version_check': 'True', 'use_colors': 'True', 'use_experimental_parser': 'False', 'no_print': 'None', 'quiet': 'False', 'empty': 'None', 'warn_error_options': 'WarnErrorOptions(include=[], exclude=[])', 'static_parser': 'True', 'introspect': 'True', 'invocation_command': 'dbt debug', 'target_path': 'None', 'log_format': 'default', 'send_anonymous_usage_stats': 'True'}
[0m23:47:55.579179 [info ] [MainThread]: dbt version: 1.9.3
[0m23:47:55.580192 [info ] [MainThread]: python version: 3.10.16
[0m23:47:55.581197 [info ] [MainThread]: python path: C:\Users\Logaraj\miniconda3\envs\elt\python.exe
[0m23:47:55.581197 [info ] [MainThread]: os info: Windows-10-10.0.26100-SP0
[0m23:47:57.205196 [info ] [MainThread]: Using profiles dir at C:\Users\Logaraj\.dbt
[0m23:47:57.206743 [info ] [MainThread]: Using profiles.yml file at C:\Users\Logaraj\.dbt\profiles.yml
[0m23:47:57.207755 [info ] [MainThread]: Using dbt_project.yml file at C:\Users\Logaraj\Desktop\NTU Advanced PC\ntu-dsi\project_2\dbt_project.yml
[0m23:47:57.208790 [info ] [MainThread]: adapter type: bigquery
[0m23:47:57.208790 [info ] [MainThread]: adapter version: 1.9.1
[0m23:47:57.308353 [info ] [MainThread]: Configuration:
[0m23:47:57.309231 [info ] [MainThread]:   profiles.yml file [[32mOK found and valid[0m]
[0m23:47:57.310265 [info ] [MainThread]:   dbt_project.yml file [[32mOK found and valid[0m]
[0m23:47:57.310265 [info ] [MainThread]: Required dependencies:
[0m23:47:57.312270 [debug] [MainThread]: Executing "git --help"
[0m23:47:57.369143 [debug] [MainThread]: STDOUT: "b"usage: git [-v | --version] [-h | --help] [-C <path>] [-c <name>=<value>]\n           [--exec-path[=<path>]] [--html-path] [--man-path] [--info-path]\n           [-p | --paginate | -P | --no-pager] [--no-replace-objects] [--no-lazy-fetch]\n           [--no-optional-locks] [--no-advice] [--bare] [--git-dir=<path>]\n           [--work-tree=<path>] [--namespace=<name>] [--config-env=<name>=<envvar>]\n           <command> [<args>]\n\nThese are common Git commands used in various situations:\n\nstart a working area (see also: git help tutorial)\n   clone      Clone a repository into a new directory\n   init       Create an empty Git repository or reinitialize an existing one\n\nwork on the current change (see also: git help everyday)\n   add        Add file contents to the index\n   mv         Move or rename a file, a directory, or a symlink\n   restore    Restore working tree files\n   rm         Remove files from the working tree and from the index\n\nexamine the history and state (see also: git help revisions)\n   bisect     Use binary search to find the commit that introduced a bug\n   diff       Show changes between commits, commit and working tree, etc\n   grep       Print lines matching a pattern\n   log        Show commit logs\n   show       Show various types of objects\n   status     Show the working tree status\n\ngrow, mark and tweak your common history\n   backfill   Download missing objects in a partial clone\n   branch     List, create, or delete branches\n   commit     Record changes to the repository\n   merge      Join two or more development histories together\n   rebase     Reapply commits on top of another base tip\n   reset      Reset current HEAD to the specified state\n   switch     Switch branches\n   tag        Create, list, delete or verify a tag object signed with GPG\n\ncollaborate (see also: git help workflows)\n   fetch      Download objects and refs from another repository\n   pull       Fetch from and integrate with another repository or a local branch\n   push       Update remote refs along with associated objects\n\n'git help -a' and 'git help -g' list available subcommands and some\nconcept guides. See 'git help <command>' or 'git help <concept>'\nto read about a specific subcommand or concept.\nSee 'git help git' for an overview of the system.\n""
[0m23:47:57.370141 [debug] [MainThread]: STDERR: "b''"
[0m23:47:57.371154 [info ] [MainThread]:  - git [[32mOK found[0m]

[0m23:47:57.372141 [info ] [MainThread]: Connection:
[0m23:47:57.373139 [info ] [MainThread]:   method: oauth
[0m23:47:57.374138 [info ] [MainThread]:   database: ambient-scope-454609-d5
[0m23:47:57.374138 [info ] [MainThread]:   execution_project: ambient-scope-454609-d5
[0m23:47:57.375555 [info ] [MainThread]:   schema: brazilian_ecommerce
[0m23:47:57.375555 [info ] [MainThread]:   location: asia-southeast1
[0m23:47:57.376560 [info ] [MainThread]:   priority: None
[0m23:47:57.377556 [info ] [MainThread]:   maximum_bytes_billed: None
[0m23:47:57.378558 [info ] [MainThread]:   impersonate_service_account: None
[0m23:47:57.379560 [info ] [MainThread]:   job_retry_deadline_seconds: None
[0m23:47:57.380556 [info ] [MainThread]:   job_retries: 1
[0m23:47:57.380556 [info ] [MainThread]:   job_creation_timeout_seconds: None
[0m23:47:57.381558 [info ] [MainThread]:   job_execution_timeout_seconds: 300
[0m23:47:57.382559 [info ] [MainThread]:   timeout_seconds: 300
[0m23:47:57.383559 [info ] [MainThread]:   client_id: None
[0m23:47:57.385567 [info ] [MainThread]:   token_uri: None
[0m23:47:57.386566 [info ] [MainThread]:   dataproc_region: None
[0m23:47:57.386566 [info ] [MainThread]:   dataproc_cluster_name: None
[0m23:47:57.387982 [info ] [MainThread]:   gcs_bucket: None
[0m23:47:57.387982 [info ] [MainThread]:   dataproc_batch: None
[0m23:47:57.388990 [info ] [MainThread]: Registered adapter: bigquery=1.9.1
[0m23:47:57.739851 [debug] [MainThread]: Acquiring new bigquery connection 'debug'
[0m23:47:57.740859 [debug] [MainThread]: On debug: select 1 as id
[0m23:47:57.740859 [debug] [MainThread]: Opening a new connection, currently in state init
[0m23:48:07.585614 [debug] [MainThread]: BigQuery adapter: https://console.cloud.google.com/bigquery?project=ambient-scope-454609-d5&j=bq:asia-southeast1:3d577875-f3c0-437e-8729-36a1a551e4d5&page=queryresults
[0m23:48:11.770382 [info ] [MainThread]:   Connection test: [[32mOK connection ok[0m]

[0m23:48:11.772374 [info ] [MainThread]: [32mAll checks passed![0m
[0m23:48:11.775381 [debug] [MainThread]: Command `dbt debug` succeeded at 23:48:11.775381 after 16.35 seconds
[0m23:48:11.776372 [debug] [MainThread]: Connection 'debug' was properly closed.
[0m23:48:11.778371 [debug] [MainThread]: Sending event: {'category': 'dbt', 'action': 'invocation', 'label': 'end', 'context': [<snowplow_tracker.self_describing_json.SelfDescribingJson object at 0x000002878B269C60>, <snowplow_tracker.self_describing_json.SelfDescribingJson object at 0x0000028791566C50>, <snowplow_tracker.self_describing_json.SelfDescribingJson object at 0x0000028791564D60>]}
[0m23:48:11.779373 [debug] [MainThread]: Flushing usage events
[0m23:48:20.076703 [debug] [MainThread]: An error was encountered while trying to flush usage events
[0m23:48:45.019744 [debug] [MainThread]: Sending event: {'category': 'dbt', 'action': 'invocation', 'label': 'start', 'context': [<snowplow_tracker.self_describing_json.SelfDescribingJson object at 0x00000198F9AC5BA0>, <snowplow_tracker.self_describing_json.SelfDescribingJson object at 0x00000198FAB528F0>, <snowplow_tracker.self_describing_json.SelfDescribingJson object at 0x00000198FAB52710>]}


============================== 23:48:45.023746 | 0499e4d1-a07c-41b3-a2ef-becb90a5079a ==============================
[0m23:48:45.023746 [info ] [MainThread]: Running with dbt=1.9.3
[0m23:48:45.024257 [debug] [MainThread]: running dbt with arguments {'printer_width': '80', 'indirect_selection': 'eager', 'write_json': 'True', 'log_cache_events': 'False', 'partial_parse': 'True', 'cache_selected_only': 'False', 'warn_error': 'None', 'debug': 'False', 'version_check': 'True', 'log_path': 'C:\\Users\\Logaraj\\Desktop\\NTU Advanced PC\\ntu-dsi\\project_2\\logs', 'profiles_dir': 'C:\\Users\\Logaraj\\.dbt', 'fail_fast': 'False', 'use_colors': 'True', 'use_experimental_parser': 'False', 'no_print': 'None', 'quiet': 'False', 'empty': 'None', 'log_format': 'default', 'introspect': 'True', 'invocation_command': 'dbt list', 'static_parser': 'True', 'target_path': 'None', 'warn_error_options': 'WarnErrorOptions(include=[], exclude=[])', 'send_anonymous_usage_stats': 'True'}
[0m23:48:46.758642 [debug] [MainThread]: Sending event: {'category': 'dbt', 'action': 'project_id', 'label': '0499e4d1-a07c-41b3-a2ef-becb90a5079a', 'context': [<snowplow_tracker.self_describing_json.SelfDescribingJson object at 0x00000198FFC775E0>]}
[0m23:48:46.810528 [debug] [MainThread]: Sending event: {'category': 'dbt', 'action': 'adapter_info', 'label': '0499e4d1-a07c-41b3-a2ef-becb90a5079a', 'context': [<snowplow_tracker.self_describing_json.SelfDescribingJson object at 0x00000198FFCDA890>]}
[0m23:48:46.812540 [info ] [MainThread]: Registered adapter: bigquery=1.9.1
[0m23:48:47.178989 [debug] [MainThread]: checksum: 5671c00892cdbcef29c3b00cc5ba7510c3d18a35c883caeb9ab9ee266dc29c8f, vars: {}, profile: , target: , version: 1.9.3
[0m23:48:47.254334 [info ] [MainThread]: Unable to do partial parsing because a project config has changed
[0m23:48:47.255292 [debug] [MainThread]: Sending event: {'category': 'dbt', 'action': 'partial_parser', 'label': '0499e4d1-a07c-41b3-a2ef-becb90a5079a', 'context': [<snowplow_tracker.self_describing_json.SelfDescribingJson object at 0x00000198FA4A3400>]}
[0m23:48:48.063065 [warn ] [MainThread]: [[33mWARNING[0m]: Configuration paths exist in your dbt_project.yml file which do not apply to any resources.
There are 1 unused configuration paths:
- models
[0m23:48:48.069753 [debug] [MainThread]: Sending event: {'category': 'dbt', 'action': 'load_project', 'label': '0499e4d1-a07c-41b3-a2ef-becb90a5079a', 'context': [<snowplow_tracker.self_describing_json.SelfDescribingJson object at 0x00000198807B1090>]}
[0m23:48:48.113534 [debug] [MainThread]: Wrote artifact WritableManifest to C:\Users\Logaraj\Desktop\NTU Advanced PC\ntu-dsi\project_2\target\manifest.json
[0m23:48:48.116535 [debug] [MainThread]: Wrote artifact SemanticManifest to C:\Users\Logaraj\Desktop\NTU Advanced PC\ntu-dsi\project_2\target\semantic_manifest.json
[0m23:48:48.142813 [debug] [MainThread]: Sending event: {'category': 'dbt', 'action': 'runnable_timing', 'label': '0499e4d1-a07c-41b3-a2ef-becb90a5079a', 'context': [<snowplow_tracker.self_describing_json.SelfDescribingJson object at 0x00000198807A76A0>]}
[0m23:48:48.143815 [warn ] [MainThread]: No nodes selected!
[0m23:48:48.147049 [debug] [MainThread]: Command `dbt list` succeeded at 23:48:48.147049 after 3.25 seconds
[0m23:48:48.147049 [debug] [MainThread]: Sending event: {'category': 'dbt', 'action': 'invocation', 'label': 'end', 'context': [<snowplow_tracker.self_describing_json.SelfDescribingJson object at 0x00000198F9AC5BA0>, <snowplow_tracker.self_describing_json.SelfDescribingJson object at 0x00000198806129B0>, <snowplow_tracker.self_describing_json.SelfDescribingJson object at 0x00000198801DE950>]}
[0m23:48:48.148048 [debug] [MainThread]: Flushing usage events
[0m23:49:03.920358 [debug] [MainThread]: An error was encountered while trying to flush usage events
[0m23:53:03.808924 [debug] [MainThread]: Sending event: {'category': 'dbt', 'action': 'invocation', 'label': 'start', 'context': [<snowplow_tracker.self_describing_json.SelfDescribingJson object at 0x0000023AFB715C90>, <snowplow_tracker.self_describing_json.SelfDescribingJson object at 0x0000023AFC7A29E0>, <snowplow_tracker.self_describing_json.SelfDescribingJson object at 0x0000023AFC7A2800>]}


============================== 23:53:03.812965 | 37951a5a-6588-4b18-96f4-4b42f4b3e444 ==============================
[0m23:53:03.812965 [info ] [MainThread]: Running with dbt=1.9.3
[0m23:53:03.813968 [debug] [MainThread]: running dbt with arguments {'printer_width': '80', 'indirect_selection': 'eager', 'write_json': 'True', 'log_cache_events': 'False', 'partial_parse': 'True', 'cache_selected_only': 'False', 'profiles_dir': 'C:\\Users\\Logaraj\\.dbt', 'version_check': 'True', 'debug': 'False', 'log_path': 'C:\\Users\\Logaraj\\Desktop\\NTU Advanced PC\\ntu-dsi\\project_2\\logs', 'warn_error': 'None', 'fail_fast': 'False', 'use_colors': 'True', 'use_experimental_parser': 'False', 'no_print': 'None', 'quiet': 'False', 'empty': 'None', 'warn_error_options': 'WarnErrorOptions(include=[], exclude=[])', 'introspect': 'True', 'static_parser': 'True', 'invocation_command': 'dbt list', 'target_path': 'None', 'log_format': 'default', 'send_anonymous_usage_stats': 'True'}
[0m23:53:05.487859 [debug] [MainThread]: Sending event: {'category': 'dbt', 'action': 'project_id', 'label': '37951a5a-6588-4b18-96f4-4b42f4b3e444', 'context': [<snowplow_tracker.self_describing_json.SelfDescribingJson object at 0x0000023AFC11AE30>]}
[0m23:53:05.542476 [debug] [MainThread]: Sending event: {'category': 'dbt', 'action': 'adapter_info', 'label': '37951a5a-6588-4b18-96f4-4b42f4b3e444', 'context': [<snowplow_tracker.self_describing_json.SelfDescribingJson object at 0x0000023AFC631C60>]}
[0m23:53:05.543474 [info ] [MainThread]: Registered adapter: bigquery=1.9.1
[0m23:53:05.875278 [debug] [MainThread]: checksum: 5671c00892cdbcef29c3b00cc5ba7510c3d18a35c883caeb9ab9ee266dc29c8f, vars: {}, profile: , target: , version: 1.9.3
[0m23:53:05.943489 [info ] [MainThread]: Unable to do partial parsing because a project config has changed
[0m23:53:05.944515 [debug] [MainThread]: Sending event: {'category': 'dbt', 'action': 'partial_parser', 'label': '37951a5a-6588-4b18-96f4-4b42f4b3e444', 'context': [<snowplow_tracker.self_describing_json.SelfDescribingJson object at 0x0000023AFC0EF490>]}
[0m23:53:06.723623 [warn ] [MainThread]: [[33mWARNING[0m]: Configuration paths exist in your dbt_project.yml file which do not apply to any resources.
There are 1 unused configuration paths:
- models.brazilian_ecommerce_dbt
[0m23:53:06.729148 [debug] [MainThread]: Sending event: {'category': 'dbt', 'action': 'load_project', 'label': '37951a5a-6588-4b18-96f4-4b42f4b3e444', 'context': [<snowplow_tracker.self_describing_json.SelfDescribingJson object at 0x0000023A82481180>]}
[0m23:53:06.771070 [debug] [MainThread]: Wrote artifact WritableManifest to C:\Users\Logaraj\Desktop\NTU Advanced PC\ntu-dsi\project_2\target\manifest.json
[0m23:53:06.774069 [debug] [MainThread]: Wrote artifact SemanticManifest to C:\Users\Logaraj\Desktop\NTU Advanced PC\ntu-dsi\project_2\target\semantic_manifest.json
[0m23:53:06.797973 [debug] [MainThread]: Sending event: {'category': 'dbt', 'action': 'runnable_timing', 'label': '37951a5a-6588-4b18-96f4-4b42f4b3e444', 'context': [<snowplow_tracker.self_describing_json.SelfDescribingJson object at 0x0000023A82497610>]}
[0m23:53:06.797973 [warn ] [MainThread]: No nodes selected!
[0m23:53:06.799988 [debug] [MainThread]: Command `dbt list` succeeded at 23:53:06.799988 after 3.16 seconds
[0m23:53:06.800986 [debug] [MainThread]: Sending event: {'category': 'dbt', 'action': 'invocation', 'label': 'end', 'context': [<snowplow_tracker.self_describing_json.SelfDescribingJson object at 0x0000023AFB715C90>, <snowplow_tracker.self_describing_json.SelfDescribingJson object at 0x0000023AFC631C60>, <snowplow_tracker.self_describing_json.SelfDescribingJson object at 0x0000023AF9BAEF80>]}
[0m23:53:06.800986 [debug] [MainThread]: Flushing usage events
[0m23:53:08.994705 [debug] [MainThread]: An error was encountered while trying to flush usage events
[0m23:54:02.521734 [debug] [MainThread]: Sending event: {'category': 'dbt', 'action': 'invocation', 'label': 'start', 'context': [<snowplow_tracker.self_describing_json.SelfDescribingJson object at 0x000001198D4B5C30>, <snowplow_tracker.self_describing_json.SelfDescribingJson object at 0x000001198E542980>, <snowplow_tracker.self_describing_json.SelfDescribingJson object at 0x000001198E5427A0>]}


============================== 23:54:02.525736 | 6b0844e9-8bc9-4732-b050-1a5a4e8d3957 ==============================
[0m23:54:02.525736 [info ] [MainThread]: Running with dbt=1.9.3
[0m23:54:02.527251 [debug] [MainThread]: running dbt with arguments {'printer_width': '80', 'indirect_selection': 'eager', 'write_json': 'True', 'log_cache_events': 'False', 'partial_parse': 'True', 'cache_selected_only': 'False', 'warn_error': 'None', 'version_check': 'True', 'debug': 'False', 'log_path': 'C:\\Users\\Logaraj\\Desktop\\NTU Advanced PC\\ntu-dsi\\project_2\\logs', 'fail_fast': 'False', 'profiles_dir': 'C:\\Users\\Logaraj\\.dbt', 'use_colors': 'True', 'use_experimental_parser': 'False', 'no_print': 'None', 'quiet': 'False', 'empty': 'None', 'warn_error_options': 'WarnErrorOptions(include=[], exclude=[])', 'static_parser': 'True', 'introspect': 'True', 'log_format': 'default', 'target_path': 'None', 'invocation_command': 'dbt list', 'send_anonymous_usage_stats': 'True'}
[0m23:54:04.763313 [debug] [MainThread]: Sending event: {'category': 'dbt', 'action': 'project_id', 'label': '6b0844e9-8bc9-4732-b050-1a5a4e8d3957', 'context': [<snowplow_tracker.self_describing_json.SelfDescribingJson object at 0x00000119936649A0>]}
[0m23:54:04.840013 [debug] [MainThread]: Sending event: {'category': 'dbt', 'action': 'adapter_info', 'label': '6b0844e9-8bc9-4732-b050-1a5a4e8d3957', 'context': [<snowplow_tracker.self_describing_json.SelfDescribingJson object at 0x000001198E5345B0>]}
[0m23:54:04.841013 [info ] [MainThread]: Registered adapter: bigquery=1.9.1
[0m23:54:05.309289 [debug] [MainThread]: checksum: 5671c00892cdbcef29c3b00cc5ba7510c3d18a35c883caeb9ab9ee266dc29c8f, vars: {}, profile: , target: , version: 1.9.3
[0m23:54:05.510639 [debug] [MainThread]: Partial parsing enabled: 0 files deleted, 0 files added, 0 files changed.
[0m23:54:05.510639 [debug] [MainThread]: Partial parsing enabled, no changes found, skipping parsing
[0m23:54:05.511639 [warn ] [MainThread]: [[33mWARNING[0m]: Configuration paths exist in your dbt_project.yml file which do not apply to any resources.
There are 1 unused configuration paths:
- models.brazilian_ecommerce_dbt
[0m23:54:05.517993 [debug] [MainThread]: Sending event: {'category': 'dbt', 'action': 'load_project', 'label': '6b0844e9-8bc9-4732-b050-1a5a4e8d3957', 'context': [<snowplow_tracker.self_describing_json.SelfDescribingJson object at 0x0000011993BFAA40>]}
[0m23:54:05.568783 [debug] [MainThread]: Wrote artifact WritableManifest to C:\Users\Logaraj\Desktop\NTU Advanced PC\ntu-dsi\project_2\target\manifest.json
[0m23:54:05.571783 [debug] [MainThread]: Wrote artifact SemanticManifest to C:\Users\Logaraj\Desktop\NTU Advanced PC\ntu-dsi\project_2\target\semantic_manifest.json
[0m23:54:05.596924 [debug] [MainThread]: Sending event: {'category': 'dbt', 'action': 'runnable_timing', 'label': '6b0844e9-8bc9-4732-b050-1a5a4e8d3957', 'context': [<snowplow_tracker.self_describing_json.SelfDescribingJson object at 0x0000011993BFDBD0>]}
[0m23:54:05.598925 [warn ] [MainThread]: No nodes selected!
[0m23:54:05.600924 [debug] [MainThread]: Command `dbt list` succeeded at 23:54:05.599924 after 3.20 seconds
[0m23:54:05.601926 [debug] [MainThread]: Sending event: {'category': 'dbt', 'action': 'invocation', 'label': 'end', 'context': [<snowplow_tracker.self_describing_json.SelfDescribingJson object at 0x000001198D4B5C30>, <snowplow_tracker.self_describing_json.SelfDescribingJson object at 0x0000011993C13820>, <snowplow_tracker.self_describing_json.SelfDescribingJson object at 0x0000011993C136D0>]}
[0m23:54:05.601926 [debug] [MainThread]: Flushing usage events
[0m23:54:12.869950 [debug] [MainThread]: An error was encountered while trying to flush usage events
[0m23:55:31.936818 [debug] [MainThread]: Sending event: {'category': 'dbt', 'action': 'invocation', 'label': 'start', 'context': [<snowplow_tracker.self_describing_json.SelfDescribingJson object at 0x000001EFE6F45C30>, <snowplow_tracker.self_describing_json.SelfDescribingJson object at 0x000001EFE7FD2980>, <snowplow_tracker.self_describing_json.SelfDescribingJson object at 0x000001EFE7FD27A0>]}


============================== 23:55:31.941029 | a02aad1a-91b3-4a8a-891e-e2966115c889 ==============================
[0m23:55:31.941029 [info ] [MainThread]: Running with dbt=1.9.3
[0m23:55:31.942015 [debug] [MainThread]: running dbt with arguments {'printer_width': '80', 'indirect_selection': 'eager', 'write_json': 'True', 'log_cache_events': 'False', 'partial_parse': 'True', 'cache_selected_only': 'False', 'warn_error': 'None', 'version_check': 'True', 'fail_fast': 'False', 'log_path': 'C:\\Users\\Logaraj\\Desktop\\NTU Advanced PC\\ntu-dsi\\project_2\\logs', 'debug': 'False', 'profiles_dir': 'C:\\Users\\Logaraj\\.dbt', 'use_colors': 'True', 'use_experimental_parser': 'False', 'no_print': 'None', 'quiet': 'False', 'empty': 'None', 'warn_error_options': 'WarnErrorOptions(include=[], exclude=[])', 'static_parser': 'True', 'invocation_command': 'dbt list', 'introspect': 'True', 'target_path': 'None', 'log_format': 'default', 'send_anonymous_usage_stats': 'True'}
[0m23:55:33.647502 [debug] [MainThread]: Sending event: {'category': 'dbt', 'action': 'project_id', 'label': 'a02aad1a-91b3-4a8a-891e-e2966115c889', 'context': [<snowplow_tracker.self_describing_json.SelfDescribingJson object at 0x000001EFED0F49A0>]}
[0m23:55:33.701409 [debug] [MainThread]: Sending event: {'category': 'dbt', 'action': 'adapter_info', 'label': 'a02aad1a-91b3-4a8a-891e-e2966115c889', 'context': [<snowplow_tracker.self_describing_json.SelfDescribingJson object at 0x000001EFE7FC45B0>]}
[0m23:55:33.702410 [info ] [MainThread]: Registered adapter: bigquery=1.9.1
[0m23:55:34.071780 [debug] [MainThread]: checksum: 5671c00892cdbcef29c3b00cc5ba7510c3d18a35c883caeb9ab9ee266dc29c8f, vars: {}, profile: , target: , version: 1.9.3
[0m23:55:34.117219 [info ] [MainThread]: Unable to do partial parsing because a project config has changed
[0m23:55:34.118411 [debug] [MainThread]: Sending event: {'category': 'dbt', 'action': 'partial_parser', 'label': 'a02aad1a-91b3-4a8a-891e-e2966115c889', 'context': [<snowplow_tracker.self_describing_json.SelfDescribingJson object at 0x000001EFE791B460>]}
[0m23:55:34.876671 [warn ] [MainThread]: [[33mWARNING[0m]: Configuration paths exist in your dbt_project.yml file which do not apply to any resources.
There are 2 unused configuration paths:
- models.marts
- models.staging
[0m23:55:34.882671 [debug] [MainThread]: Sending event: {'category': 'dbt', 'action': 'load_project', 'label': 'a02aad1a-91b3-4a8a-891e-e2966115c889', 'context': [<snowplow_tracker.self_describing_json.SelfDescribingJson object at 0x000001EFEDC31120>]}
[0m23:55:34.922237 [debug] [MainThread]: Wrote artifact WritableManifest to C:\Users\Logaraj\Desktop\NTU Advanced PC\ntu-dsi\project_2\target\manifest.json
[0m23:55:34.925639 [debug] [MainThread]: Wrote artifact SemanticManifest to C:\Users\Logaraj\Desktop\NTU Advanced PC\ntu-dsi\project_2\target\semantic_manifest.json
[0m23:55:34.947674 [debug] [MainThread]: Sending event: {'category': 'dbt', 'action': 'runnable_timing', 'label': 'a02aad1a-91b3-4a8a-891e-e2966115c889', 'context': [<snowplow_tracker.self_describing_json.SelfDescribingJson object at 0x000001EFEDC276A0>]}
[0m23:55:34.948676 [warn ] [MainThread]: No nodes selected!
[0m23:55:34.950676 [debug] [MainThread]: Command `dbt list` succeeded at 23:55:34.950676 after 3.15 seconds
[0m23:55:34.950676 [debug] [MainThread]: Sending event: {'category': 'dbt', 'action': 'invocation', 'label': 'end', 'context': [<snowplow_tracker.self_describing_json.SelfDescribingJson object at 0x000001EFE6F45C30>, <snowplow_tracker.self_describing_json.SelfDescribingJson object at 0x000001EFED6628F0>, <snowplow_tracker.self_describing_json.SelfDescribingJson object at 0x000001EFED0D0D00>]}
[0m23:55:34.951675 [debug] [MainThread]: Flushing usage events
[0m23:55:42.858942 [debug] [MainThread]: An error was encountered while trying to flush usage events
[0m23:57:56.199001 [debug] [MainThread]: Sending event: {'category': 'dbt', 'action': 'invocation', 'label': 'start', 'context': [<snowplow_tracker.self_describing_json.SelfDescribingJson object at 0x000001B73D385BD0>, <snowplow_tracker.self_describing_json.SelfDescribingJson object at 0x000001B73E3E2980>, <snowplow_tracker.self_describing_json.SelfDescribingJson object at 0x000001B73E3E27A0>]}


============================== 23:57:56.204012 | 557c5141-455e-4b93-a666-f79f2119b940 ==============================
[0m23:57:56.204012 [info ] [MainThread]: Running with dbt=1.9.3
[0m23:57:56.205032 [debug] [MainThread]: running dbt with arguments {'printer_width': '80', 'indirect_selection': 'eager', 'log_cache_events': 'False', 'write_json': 'True', 'partial_parse': 'True', 'cache_selected_only': 'False', 'profiles_dir': 'C:\\Users\\Logaraj\\.dbt', 'fail_fast': 'False', 'version_check': 'True', 'log_path': 'logs', 'warn_error': 'None', 'debug': 'False', 'use_colors': 'True', 'use_experimental_parser': 'False', 'empty': 'None', 'quiet': 'False', 'no_print': 'None', 'warn_error_options': 'WarnErrorOptions(include=[], exclude=[])', 'introspect': 'True', 'invocation_command': 'dbt list', 'log_format': 'default', 'target_path': 'None', 'static_parser': 'True', 'send_anonymous_usage_stats': 'True'}
[0m23:57:56.205981 [error] [MainThread]: Encountered an error:
Runtime Error
  No dbt_project.yml found at expected path C:\Users\Logaraj\Desktop\NTU Advanced PC\ntu-dsi\project_2\dbt_project.yml
  Verify that each entry within packages.yml (and their transitive dependencies) contains a file named dbt_project.yml
  
[0m23:57:56.206951 [debug] [MainThread]: Command `dbt list` failed at 23:57:56.206951 after 0.13 seconds
[0m23:57:56.207985 [debug] [MainThread]: Sending event: {'category': 'dbt', 'action': 'invocation', 'label': 'end', 'context': [<snowplow_tracker.self_describing_json.SelfDescribingJson object at 0x000001B73D385BD0>, <snowplow_tracker.self_describing_json.SelfDescribingJson object at 0x000001B73E3E2A70>, <snowplow_tracker.self_describing_json.SelfDescribingJson object at 0x000001B73E3E2A40>]}
[0m23:57:56.207985 [debug] [MainThread]: Flushing usage events
[0m23:57:57.648751 [debug] [MainThread]: An error was encountered while trying to flush usage events
